<?xml version="1.0" encoding="UTF-8"?>
<!-- Generated by org.testng.reporters.JUnitReportReporter -->
<testsuite hostname="DESKTOP-N7OA8LF" failures="0" tests="10" name="com.sgtesting.dataprovider1.Scenario6" time="42.515" errors="0" timestamp="2022-04-29T20:51:06 IST" skipped="0">
  <testcase classname="com.sgtesting.dataprovider1.Scenario6" name="LaunchBrowser" time="1.728"/>
  <system-out/>
  <testcase classname="com.sgtesting.dataprovider1.Scenario6" name="navigate" time="3.788"/>
  <system-out/>
  <testcase classname="com.sgtesting.dataprovider1.Scenario6" name="Login" time="5.209"/>
  <system-out/>
  <testcase classname="com.sgtesting.dataprovider1.Scenario6" name="CreateCustomer" time="9.329"/>
  <system-out/>
  <testcase classname="com.sgtesting.dataprovider1.Scenario6" name="CreatProject" time="8.382"/>
  <system-out/>
  <testcase classname="com.sgtesting.dataprovider1.Scenario6" name="ModifyProject" time="4.440"/>
  <system-out/>
  <testcase classname="com.sgtesting.dataprovider1.Scenario6" name="DeleteProject" time="3.405"/>
  <system-out/>
  <testcase classname="com.sgtesting.dataprovider1.Scenario6" name="DeleteCustomer" time="5.389"/>
  <system-out/>
  <testcase classname="com.sgtesting.dataprovider1.Scenario6" name="Logout" time="0.423"/>
  <system-out/>
  <testcase classname="com.sgtesting.dataprovider1.Scenario6" name="CloseApplication" time="0.422"/>
  <system-out/>
</testsuite> <!-- com.sgtesting.dataprovider1.Scenario6 -->
