<?xml version="1.0" encoding="UTF-8"?>
<!-- Generated by org.testng.reporters.JUnitReportReporter -->
<testsuite hostname="DESKTOP-N7OA8LF" failures="0" tests="8" name="com.sgtesting.dataprovider1.Scenario4" time="32.844" errors="0" timestamp="2022-04-29T20:51:06 IST" skipped="0">
  <testcase classname="com.sgtesting.dataprovider1.Scenario4" name="LaunchBrowser" time="1.835"/>
  <system-out/>
  <testcase classname="com.sgtesting.dataprovider1.Scenario4" name="navigate" time="4.475"/>
  <system-out/>
  <testcase classname="com.sgtesting.dataprovider1.Scenario4" name="Login" time="5.136"/>
  <system-out/>
  <testcase classname="com.sgtesting.dataprovider1.Scenario4" name="CreateCustomer" time="9.478"/>
  <system-out/>
  <testcase classname="com.sgtesting.dataprovider1.Scenario4" name="ModifyCustomer" time="5.612"/>
  <system-out/>
  <testcase classname="com.sgtesting.dataprovider1.Scenario4" name="DeleteCustomer" time="5.468"/>
  <system-out/>
  <testcase classname="com.sgtesting.dataprovider1.Scenario4" name="Logout" time="0.430"/>
  <system-out/>
  <testcase classname="com.sgtesting.dataprovider1.Scenario4" name="CloseApplication" time="0.410"/>
  <system-out/>
</testsuite> <!-- com.sgtesting.dataprovider1.Scenario4 -->
