<?xml version="1.0" encoding="UTF-8"?>
<!-- Generated by org.testng.reporters.JUnitReportReporter -->
<testsuite hostname="DESKTOP-N7OA8LF" failures="0" tests="9" name="com.sgtesting.dataprovider1.Scenario5" time="37.511" errors="0" timestamp="2022-04-29T20:51:06 IST" skipped="0">
  <testcase classname="com.sgtesting.dataprovider1.Scenario5" name="LaunchBrowser" time="1.784"/>
  <system-out/>
  <testcase classname="com.sgtesting.dataprovider1.Scenario5" name="navigate" time="3.386"/>
  <system-out/>
  <testcase classname="com.sgtesting.dataprovider1.Scenario5" name="Login" time="4.949"/>
  <system-out/>
  <testcase classname="com.sgtesting.dataprovider1.Scenario5" name="CreateCustomer" time="9.255"/>
  <system-out/>
  <testcase classname="com.sgtesting.dataprovider1.Scenario5" name="CreatProject" time="8.448"/>
  <system-out/>
  <testcase classname="com.sgtesting.dataprovider1.Scenario5" name="DeleteProject" time="3.393"/>
  <system-out/>
  <testcase classname="com.sgtesting.dataprovider1.Scenario5" name="DeleteCustomer" time="5.496"/>
  <system-out/>
  <testcase classname="com.sgtesting.dataprovider1.Scenario5" name="Logout" time="0.433"/>
  <system-out/>
  <testcase classname="com.sgtesting.dataprovider1.Scenario5" name="CloseApplication" time="0.367"/>
  <system-out/>
</testsuite> <!-- com.sgtesting.dataprovider1.Scenario5 -->
