<?xml version="1.0" encoding="UTF-8"?>
<!-- Generated by org.testng.reporters.JUnitReportReporter -->
<testsuite hostname="DESKTOP-N7OA8LF" failures="0" tests="8" name="com.sgtesting.dataprovider1.Scenario2" time="38.563" errors="0" timestamp="2022-04-29T20:51:06 IST" skipped="0">
  <testcase classname="com.sgtesting.dataprovider1.Scenario2" name="LaunchBrowser" time="2.013"/>
  <system-out/>
  <testcase classname="com.sgtesting.dataprovider1.Scenario2" name="navigate" time="5.634"/>
  <system-out/>
  <testcase classname="com.sgtesting.dataprovider1.Scenario2" name="Login" time="6.624"/>
  <system-out/>
  <testcase classname="com.sgtesting.dataprovider1.Scenario2" name="CreateUser" time="13.203"/>
  <system-out/>
  <testcase classname="com.sgtesting.dataprovider1.Scenario2" name="ModifyUser" time="5.798"/>
  <system-out/>
  <testcase classname="com.sgtesting.dataprovider1.Scenario2" name="DeleteUser" time="4.423"/>
  <system-out/>
  <testcase classname="com.sgtesting.dataprovider1.Scenario2" name="Logout" time="0.524"/>
  <system-out/>
  <testcase classname="com.sgtesting.dataprovider1.Scenario2" name="CloseApplication" time="0.344"/>
  <system-out/>
</testsuite> <!-- com.sgtesting.dataprovider1.Scenario2 -->
