<?xml version="1.0" encoding="UTF-8"?>
<!-- Generated by org.testng.reporters.JUnitReportReporter -->
<testsuite hostname="DESKTOP-N7OA8LF" failures="0" tests="7" name="com.sgtesting.dataprovider1.Scenario1" time="32.572" errors="0" timestamp="2022-04-29T21:19:53 IST" skipped="0">
  <testcase classname="com.sgtesting.dataprovider1.Scenario1" name="LaunchBrowser" time="3.806"/>
  <system-out/>
  <testcase classname="com.sgtesting.dataprovider1.Scenario1" name="navigate" time="4.897"/>
  <system-out/>
  <testcase classname="com.sgtesting.dataprovider1.Scenario1" name="Login" time="5.724"/>
  <system-out/>
  <testcase classname="com.sgtesting.dataprovider1.Scenario1" name="CreateUser" time="13.021"/>
  <system-out/>
  <testcase classname="com.sgtesting.dataprovider1.Scenario1" name="DeleteUser" time="4.296"/>
  <system-out/>
  <testcase classname="com.sgtesting.dataprovider1.Scenario1" name="Logout" time="0.414"/>
  <system-out/>
  <testcase classname="com.sgtesting.dataprovider1.Scenario1" name="CloseApplication" time="0.414"/>
  <system-out/>
</testsuite> <!-- com.sgtesting.dataprovider1.Scenario1 -->
