<?xml version="1.0" encoding="UTF-8"?>
<!-- Generated by org.testng.reporters.JUnitReportReporter -->
<testsuite hostname="DESKTOP-N7OA8LF" failures="0" tests="7" name="com.sgtesting.dataprovider1.Scenario3" time="26.532" errors="0" timestamp="2022-04-29T20:51:06 IST" skipped="0">
  <testcase classname="com.sgtesting.dataprovider1.Scenario3" name="LaunchBrowser" time="1.869"/>
  <system-out/>
  <testcase classname="com.sgtesting.dataprovider1.Scenario3" name="navigate" time="3.115"/>
  <system-out/>
  <testcase classname="com.sgtesting.dataprovider1.Scenario3" name="Login" time="5.327"/>
  <system-out/>
  <testcase classname="com.sgtesting.dataprovider1.Scenario3" name="CreateCustomer" time="9.963"/>
  <system-out/>
  <testcase classname="com.sgtesting.dataprovider1.Scenario3" name="DeleteCustomer" time="5.453"/>
  <system-out/>
  <testcase classname="com.sgtesting.dataprovider1.Scenario3" name="Logout" time="0.432"/>
  <system-out/>
  <testcase classname="com.sgtesting.dataprovider1.Scenario3" name="CloseApplication" time="0.373"/>
  <system-out/>
</testsuite> <!-- com.sgtesting.dataprovider1.Scenario3 -->
