<?xml version="1.0" encoding="UTF-8"?>
<!-- Generated by org.testng.reporters.JUnitReportReporter -->
<testsuite hostname="DESKTOP-N7OA8LF" failures="0" tests="7" name="com.sgtesting.chrome.demo1" time="54.751" errors="0" timestamp="2022-05-07T10:12:12 IST" skipped="0">
  <testcase classname="com.sgtesting.chrome.demo1" name="LaunchBrowser" time="11.490"/>
  <system-out/>
  <testcase classname="com.sgtesting.chrome.demo1" name="navigate" time="6.571"/>
  <system-out/>
  <testcase classname="com.sgtesting.chrome.demo1" name="Login" time="18.254"/>
  <system-out/>
  <testcase classname="com.sgtesting.chrome.demo1" name="CreateUser" time="12.389"/>
  <system-out/>
  <testcase classname="com.sgtesting.chrome.demo1" name="DeleteUser" time="1.132"/>
  <system-out/>
  <testcase classname="com.sgtesting.chrome.demo1" name="Logout" time="1.234"/>
  <system-out/>
  <testcase classname="com.sgtesting.chrome.demo1" name="CloseApplication" time="3.681"/>
  <system-out/>
</testsuite> <!-- com.sgtesting.chrome.demo1 -->
