<?xml version="1.0" encoding="UTF-8"?>
<!-- Generated by org.testng.reporters.JUnitReportReporter -->
<testsuite hostname="DESKTOP-N7OA8LF" failures="0" tests="11" name="com.sgtesting.dataprovider1.Scenario7" time="45.476" errors="0" timestamp="2022-04-29T20:51:06 IST" skipped="0">
  <testcase classname="com.sgtesting.dataprovider1.Scenario7" name="LaunchBrowser" time="1.730"/>
  <system-out/>
  <testcase classname="com.sgtesting.dataprovider1.Scenario7" name="navigate" time="3.412"/>
  <system-out/>
  <testcase classname="com.sgtesting.dataprovider1.Scenario7" name="Login" time="4.913"/>
  <system-out/>
  <testcase classname="com.sgtesting.dataprovider1.Scenario7" name="CreateCustomer" time="9.251"/>
  <system-out/>
  <testcase classname="com.sgtesting.dataprovider1.Scenario7" name="CreatProject" time="8.409"/>
  <system-out/>
  <testcase classname="com.sgtesting.dataprovider1.Scenario7" name="CreateTask" time="5.568"/>
  <system-out/>
  <testcase classname="com.sgtesting.dataprovider1.Scenario7" name="DeleteTask" time="2.312"/>
  <system-out/>
  <testcase classname="com.sgtesting.dataprovider1.Scenario7" name="DeleteProject" time="3.550"/>
  <system-out/>
  <testcase classname="com.sgtesting.dataprovider1.Scenario7" name="DeleteCustomer" time="5.425"/>
  <system-out/>
  <testcase classname="com.sgtesting.dataprovider1.Scenario7" name="Logout" time="0.546"/>
  <system-out/>
  <testcase classname="com.sgtesting.dataprovider1.Scenario7" name="CloseApplication" time="0.360"/>
  <system-out/>
</testsuite> <!-- com.sgtesting.dataprovider1.Scenario7 -->
